2024-11-26 19:22:03,382 ERROR: Exception on /translate [POST] [in /Users/hoatran/Documents/Microblog/microblog/lib/python3.12/site-packages/flask/app.py:838]
Traceback (most recent call last):
  File "/Users/hoatran/Documents/Microblog/microblog/lib/python3.12/site-packages/flask/app.py", line 1473, in wsgi_app
    response = self.full_dispatch_request()
               ^^^^^^^^^^^^^^^^^^^^^^^^^^^^
  File "/Users/hoatran/Documents/Microblog/microblog/lib/python3.12/site-packages/flask/app.py", line 882, in full_dispatch_request
    rv = self.handle_user_exception(e)
         ^^^^^^^^^^^^^^^^^^^^^^^^^^^^^
  File "/Users/hoatran/Documents/Microblog/microblog/lib/python3.12/site-packages/flask/app.py", line 880, in full_dispatch_request
    rv = self.dispatch_request()
         ^^^^^^^^^^^^^^^^^^^^^^^
  File "/Users/hoatran/Documents/Microblog/microblog/lib/python3.12/site-packages/flask/app.py", line 865, in dispatch_request
    return self.ensure_sync(self.view_functions[rule.endpoint])(**view_args)  # type: ignore[no-any-return]
           ^^^^^^^^^^^^^^^^^^^^^^^^^^^^^^^^^^^^^^^^^^^^^^^^^^^^^^^^^^^^^^^^^
  File "/Users/hoatran/Documents/Microblog/microblog/lib/python3.12/site-packages/flask_login/utils.py", line 290, in decorated_view
    return current_app.ensure_sync(func)(*args, **kwargs)
           ^^^^^^^^^^^^^^^^^^^^^^^^^^^^^^^^^^^^^^^^^^^^^^
  File "/Users/hoatran/Documents/Microblog/app/routes.py", line 223, in translate_text
    data['source_language'],
    ~~~~^^^^^^^^^^^^^^^^^^^
KeyError: 'source_language'
2024-11-26 19:23:01,405 INFO: Microblog startup [in /Users/hoatran/Documents/Microblog/app/__init__.py:55]
2024-11-26 19:23:09,191 INFO: Microblog startup [in /Users/hoatran/Documents/Microblog/app/__init__.py:55]
2024-11-26 19:23:17,911 INFO: Microblog startup [in /Users/hoatran/Documents/Microblog/app/__init__.py:55]
2024-11-26 19:23:23,346 INFO: Microblog startup [in /Users/hoatran/Documents/Microblog/app/__init__.py:55]
2024-11-26 19:23:30,716 INFO: Microblog startup [in /Users/hoatran/Documents/Microblog/app/__init__.py:55]
2024-11-26 19:23:36,782 INFO: Microblog startup [in /Users/hoatran/Documents/Microblog/app/__init__.py:55]
2024-11-26 19:23:47,881 INFO: Microblog startup [in /Users/hoatran/Documents/Microblog/app/__init__.py:55]
2024-11-26 19:23:53,907 INFO: Microblog startup [in /Users/hoatran/Documents/Microblog/app/__init__.py:55]
2024-11-26 19:24:05,760 INFO: Microblog startup [in /Users/hoatran/Documents/Microblog/app/__init__.py:55]
2024-11-26 19:24:14,634 INFO: Microblog startup [in /Users/hoatran/Documents/Microblog/app/__init__.py:55]
2024-11-26 19:24:22,875 INFO: Microblog startup [in /Users/hoatran/Documents/Microblog/app/__init__.py:55]
